[debug] [2026-02-25T09:18:45.800Z] [Firebase Plugin] Activating Firebase extension.
[debug] [2026-02-25T09:19:02.630Z] [Firebase Plugin] requireAuthWrapper
[debug] [2026-02-25T09:19:02.633Z] > command requires scopes: ["email","openid","https://www.googleapis.com/auth/cloudplatformprojects.readonly","https://www.googleapis.com/auth/firebase","https://www.googleapis.com/auth/cloud-platform"]
[debug] [2026-02-25T09:19:02.634Z] > authorizing via signed-in user (sajilosathi6@gmail.com)
[debug] [2026-02-25T09:19:02.640Z] Checked if tokens are valid: false, expires at: 1772009355744
[debug] [2026-02-25T09:19:02.641Z] Checked if tokens are valid: false, expires at: 1772009355744
[debug] [2026-02-25T09:19:02.642Z] > refreshing access token with scopes: []
[debug] [2026-02-25T09:19:02.645Z] >>> [apiv2][query] POST https://www.googleapis.com/oauth2/v3/token [none]
[debug] [2026-02-25T09:19:02.645Z] >>> [apiv2][body] POST https://www.googleapis.com/oauth2/v3/token [omitted]
[debug] [2026-02-25T09:19:03.610Z] [Firebase Plugin] VSCode notification server listening on port 40001
[info] [Firebase Plugin] Starting Data Connect toolkit (version 3.1.4) on port 50001
[debug] [2026-02-25T09:19:08.227Z] I0225 15:04:08.140385    5368 control.go:100] [/emulator/sajilosathi 7a36] UpdateResources(): done
Main schema: sources: schema\schema.gql [1992B] 
Connector "example": sources: example\mutations.gql [1243B] example\queries.gql [1801B] 
 {"metadata":{"emulator":{"name":"dataconnect"},"message":"I0225 15:04:08.140385    5368 control.go:100] [/emulator/sajilosathi 7a36] UpdateResources(): done\nMain schema: sources: schema\\schema.gql [1992B] \nConnector \"example\": sources: example\\mutations.gql [1243B] example\\queries.gql [1801B] \n"}}
[debug] [2026-02-25T09:19:08.228Z] Ignoring unsupported arg: auto_download {"metadata":{"emulator":{"name":"dataconnect"},"message":"Ignoring unsupported arg: auto_download"}}
[debug] [2026-02-25T09:19:08.229Z] Ignoring unsupported arg: port {"metadata":{"emulator":{"name":"dataconnect"},"message":"Ignoring unsupported arg: port"}}
[debug] [2026-02-25T09:19:08.229Z] Starting Data Connect Emulator with command {"binary":"C:\\Users\\hp\\.cache\\firebase\\emulators\\dataconnect-emulator-3.1.4.exe","args":["--logtostderr","-v=2","dev","--listen=localhost:50001","--config_dir=c:\\Users\\hp\\dev\\sajilosathi\\dataconnect","--enable_output_schema_extensions=true","--enable_output_generated_sdk=true"],"optionalArgs":["listen","config_dir","enable_output_schema_extensions","enable_output_generated_sdk"],"joinArgs":true,"shell":false,"port":9399} {"metadata":{"emulator":{"name":"dataconnect"},"message":"Starting Data Connect Emulator with command {\"binary\":\"C:\\\\Users\\\\hp\\\\.cache\\\\firebase\\\\emulators\\\\dataconnect-emulator-3.1.4.exe\",\"args\":[\"--logtostderr\",\"-v=2\",\"dev\",\"--listen=localhost:50001\",\"--config_dir=c:\\\\Users\\\\hp\\\\dev\\\\sajilosathi\\\\dataconnect\",\"--enable_output_schema_extensions=true\",\"--enable_output_generated_sdk=true\"],\"optionalArgs\":[\"listen\",\"config_dir\",\"enable_output_schema_extensions\",\"enable_output_generated_sdk\"],\"joinArgs\":true,\"shell\":false,\"port\":9399}"}}
[info] i  dataconnect: Data Connect Emulator logging to dataconnect-debug.log {"metadata":{"emulator":{"name":"dataconnect"},"message":"Data Connect Emulator logging to \u001b[1mdataconnect-debug.log\u001b[22m"}}
[debug] [2026-02-25T09:19:09.584Z] I0225 15:04:08.758092   18092 load.go:31] Reloading schema and connectors...
I0225 15:04:09.556014   18092 control.go:100] [/emulator/sajilosathi a3a5] UpdateResources(): done
Main schema: sources: schema\schema.gql [1992B] 
Connector "example": sources: example\mutations.gql [1243B] example\queries.gql [1801B] 
 {"metadata":{"emulator":{"name":"dataconnect"},"message":"I0225 15:04:08.758092   18092 load.go:31] Reloading schema and connectors...\nI0225 15:04:09.556014   18092 control.go:100] [/emulator/sajilosathi a3a5] UpdateResources(): done\nMain schema: sources: schema\\schema.gql [1992B] \nConnector \"example\": sources: example\\mutations.gql [1243B] example\\queries.gql [1801B] \n"}}
[debug] [2026-02-25T09:19:10.108Z] <<< [apiv2][status] POST https://www.googleapis.com/oauth2/v3/token 200
[debug] [2026-02-25T09:19:10.109Z] <<< [apiv2][body] POST https://www.googleapis.com/oauth2/v3/token [omitted]
[debug] [2026-02-25T09:19:10.128Z] [Firebase Plugin] User found:  sajilosathi6@gmail.com
[info] [Firebase Plugin] (Core:Project) New user detected, fetching projects
[debug] [2026-02-25T09:19:10.135Z] Checked if tokens are valid: true, expires at: 1772014749112
[debug] [2026-02-25T09:19:10.137Z] >>> [apiv2][query] GET https://firebase.googleapis.com/v1beta1/projects pageSize=1000
[debug] [2026-02-25T09:19:11.160Z] I0225 15:04:10.432793   18092 codegen.go:80] [connector "example" javascriptSdk] Generating sources into "c:\\Users\\hp\\dev\\sajilosathi\\src\\dataconnect-generated"
 {"metadata":{"emulator":{"name":"dataconnect"},"message":"I0225 15:04:10.432793   18092 codegen.go:80] [connector \"example\" javascriptSdk] Generating sources into \"c:\\\\Users\\\\hp\\\\dev\\\\sajilosathi\\\\src\\\\dataconnect-generated\"\n"}}
[debug] [2026-02-25T09:19:12.187Z] <<< [apiv2][status] GET https://firebase.googleapis.com/v1beta1/projects 200
[debug] [2026-02-25T09:19:12.188Z] <<< [apiv2][body] GET https://firebase.googleapis.com/v1beta1/projects [omitted]
[debug] [2026-02-25T09:19:13.782Z] I0225 15:04:13.181193   18092 codegen.go:80] [connector "example" adminSdk] Generating sources into "c:\\Users\\hp\\dev\\sajilosathi\\src\\dataconnect-admin-generated"
I0225 15:04:13.349656   18092 collector.go:107] schema extensions wrote into "c:\\Users\\hp\\dev\\sajilosathi\\dataconnect\\.dataconnect\\schema"
Generated sources: main\relation.gql [14318B] main\query.gql [5099B] main\mutation.gql [13679B] main\implicit.gql [1261B] main\input.gql [28173B] prelude.gql [80731B] 
I0225 15:04:13.385282   18092 collector.go:107] connector "example" javascriptSdk wrote into "c:\\Users\\hp\\dev\\sajilosathi\\src\\dataconnect-generated"
Generated sources: README.md [40931B] react\esm\package.json [17B] react\index.cjs.js [3439B] index.d.ts [8025B] esm\package.json [17B] react\package.json [460B] react\esm\index.esm.js [3269B] react\README.md [48299B] .guides/config.json [236B] esm\index.esm.js [3561B] package.json [863B] .guides/setup.md [1682B] index.cjs.js [4051B] react\index.d.ts [3961B] .guides/usage.md [3489B] 
I0225 15:04:13.421245   18092 installsdk.go:55] Package @dataconnect/generated is already installed. Skipping installation
I0225 15:04:13.435683   18092 collector.go:107] connector "example" adminSdk wrote into "c:\\Users\\hp\\dev\\sajilosathi\\src\\dataconnect-admin-generated"
Generated sources: index.d.ts [7666B] esm\index.esm.js [2981B] esm\package.json [17B] index.cjs.js [3274B] package.json [632B] 
I0225 15:04:13.437483   18092 installsdk.go:55] Package @dataconnect/admin-generated is already installed. Skipping installation
I0225 15:04:13.437483   18092 load.go:109] Finished reloading
I0225 15:04:13.591303   18092 dev.go:104] Listening on address (HTTP + gRPC): 127.0.0.1:50001
 {"metadata":{"emulator":{"name":"dataconnect"},"message":"I0225 15:04:13.181193   18092 codegen.go:80] [connector \"example\" adminSdk] Generating sources into \"c:\\\\Users\\\\hp\\\\dev\\\\sajilosathi\\\\src\\\\dataconnect-admin-generated\"\nI0225 15:04:13.349656   18092 collector.go:107] schema extensions wrote into \"c:\\\\Users\\\\hp\\\\dev\\\\sajilosathi\\\\dataconnect\\\\.dataconnect\\\\schema\"\nGenerated sources: main\\relation.gql [14318B] main\\query.gql [5099B] main\\mutation.gql [13679B] main\\implicit.gql [1261B] main\\input.gql [28173B] prelude.gql [80731B] \nI0225 15:04:13.385282   18092 collector.go:107] connector \"example\" javascriptSdk wrote into \"c:\\\\Users\\\\hp\\\\dev\\\\sajilosathi\\\\src\\\\dataconnect-generated\"\nGenerated sources: README.md [40931B] react\\esm\\package.json [17B] react\\index.cjs.js [3439B] index.d.ts [8025B] esm\\package.json [17B] react\\package.json [460B] react\\esm\\index.esm.js [3269B] react\\README.md [48299B] .guides/config.json [236B] esm\\index.esm.js [3561B] package.json [863B] .guides/setup.md [1682B] index.cjs.js [4051B] react\\index.d.ts [3961B] .guides/usage.md [3489B] \nI0225 15:04:13.421245   18092 installsdk.go:55] Package @dataconnect/generated is already installed. Skipping installation\nI0225 15:04:13.435683   18092 collector.go:107] connector \"example\" adminSdk wrote into \"c:\\\\Users\\\\hp\\\\dev\\\\sajilosathi\\\\src\\\\dataconnect-admin-generated\"\nGenerated sources: index.d.ts [7666B] esm\\index.esm.js [2981B] esm\\package.json [17B] index.cjs.js [3274B] package.json [632B] \nI0225 15:04:13.437483   18092 installsdk.go:55] Package @dataconnect/admin-generated is already installed. Skipping installation\nI0225 15:04:13.437483   18092 load.go:109] Finished reloading\nI0225 15:04:13.591303   18092 dev.go:104] Listening on address (HTTP + gRPC): 127.0.0.1:50001\n"}}
[debug] [2026-02-25T09:19:19.680Z] I0225 15:04:18.830139   18092 engine.go:208] [/emulator/sajilosathi a3a5] ExecuteGraphqlRead IntrospectionQuery: succeeded. 
 {"metadata":{"emulator":{"name":"dataconnect"},"message":"I0225 15:04:18.830139   18092 engine.go:208] [/emulator/sajilosathi a3a5] ExecuteGraphqlRead IntrospectionQuery: succeeded. \n"}}
[debug] [2026-02-25T09:30:41.819Z] [Firebase Plugin] Received CLI notification.
[debug] [2026-02-25T09:30:41.849Z] [Firebase Plugin] Received emulators shutdown notification.
[debug] [2026-02-25T09:32:39.562Z] [Firebase Plugin] Received CLI notification.
[debug] [2026-02-25T09:32:39.595Z] [Firebase Plugin] Received emulators shutdown notification.
[debug] [2026-02-25T09:33:07.056Z] [Firebase Plugin] Received CLI notification.
[debug] [2026-02-25T09:33:07.106Z] [Firebase Plugin] Received emulators shutdown notification.
[warn] !  dataconnect: Fatal error occurred: 
   Data Connect Emulator has exited with code: 4294967295, 
   stopping all running emulators {"metadata":{"emulator":{"name":"dataconnect"},"message":"Fatal error occurred: \n   Data Connect Emulator has exited with code: 4294967295, \n   stopping all running emulators"}}
[debug] [2026-02-25T09:34:52.831Z] [Firebase Plugin] Received emulators started notification. Running detection.
[debug] [2026-02-25T09:34:52.834Z] Found emulator hub locator: {"version":"15.7.0","origins":["http://127.0.0.1:4400","http://[::1]:4400"],"pid":14768}
[debug] [2026-02-25T09:34:52.837Z] >>> [apiv2][query] GET http://127.0.0.1:4400/emulators [none]
[debug] [2026-02-25T09:34:52.961Z] <<< [apiv2][status] GET http://127.0.0.1:4400/emulators 200
[debug] [2026-02-25T09:34:52.962Z] <<< [apiv2][body] GET http://127.0.0.1:4400/emulators {"hub":{"listen":[{"address":"127.0.0.1","family":"IPv4","port":4400},{"address":"::1","family":"IPv6","port":4400}],"name":"hub","host":"127.0.0.1","port":4400},"logging":{"listen":[{"address":"127.0.0.1","family":"IPv4","port":4500}],"name":"logging","host":"127.0.0.1","port":4500},"dataconnect":{"listen":[{"address":"127.0.0.1","family":"IPv4","port":9399}],"name":"dataconnect","host":"127.0.0.1","port":9399,"pid":12340,"timeout":10000}}
[error] [Firebase Plugin]request to http://localhost:50001/v1/projects/p/locations/l/services/sajilosathi:executeGraphqlRead failed, reason:  {"type":"system","errno":"ECONNREFUSED","code":"ECONNREFUSED"}
[error] [Firebase Plugin] error:  {}
[info] [Firebase Plugin] Stopping Data Connect toolkit
[debug] [2026-02-25T09:45:53.832Z] [Firebase Plugin] Activating Firebase extension.
[info] [Firebase Plugin] Checked firebase-tools, is up to date!
[debug] [2026-02-25T09:46:19.173Z] [Firebase Plugin] requireAuthWrapper
[debug] [2026-02-25T09:46:19.178Z] > command requires scopes: ["email","openid","https://www.googleapis.com/auth/cloudplatformprojects.readonly","https://www.googleapis.com/auth/firebase","https://www.googleapis.com/auth/cloud-platform"]
[debug] [2026-02-25T09:46:19.179Z] > authorizing via signed-in user (sajilosathi6@gmail.com)
[debug] [2026-02-25T09:46:20.306Z] Checked if tokens are valid: true, expires at: 1772014749112
[debug] [2026-02-25T09:46:20.306Z] Checked if tokens are valid: true, expires at: 1772014749112
[debug] [2026-02-25T09:46:20.307Z] [Firebase Plugin] User found:  sajilosathi6@gmail.com
[info] [Firebase Plugin] (Core:Project) New user detected, fetching projects
[debug] [2026-02-25T09:46:20.311Z] Checked if tokens are valid: true, expires at: 1772014749112
[debug] [2026-02-25T09:46:20.315Z] >>> [apiv2][query] GET https://firebase.googleapis.com/v1beta1/projects pageSize=1000
[debug] [2026-02-25T09:46:20.353Z] [Firebase Plugin] VSCode notification server listening on port 40001
[info] [Firebase Plugin] Starting Data Connect toolkit (version 3.1.4) on port 50001
[debug] [2026-02-25T09:46:26.496Z] I0225 15:31:25.967394    9220 control.go:100] [/emulator/sajilosathi 5829] UpdateResources(): done
Main schema: sources: schema\schema.gql [1992B] 
Connector "example": sources: example\queries.gql [1801B] example\mutations.gql [1243B] 
 {"metadata":{"emulator":{"name":"dataconnect"},"message":"I0225 15:31:25.967394    9220 control.go:100] [/emulator/sajilosathi 5829] UpdateResources(): done\nMain schema: sources: schema\\schema.gql [1992B] \nConnector \"example\": sources: example\\queries.gql [1801B] example\\mutations.gql [1243B] \n"}}
[debug] [2026-02-25T09:46:26.498Z] Ignoring unsupported arg: auto_download {"metadata":{"emulator":{"name":"dataconnect"},"message":"Ignoring unsupported arg: auto_download"}}
[debug] [2026-02-25T09:46:26.498Z] Ignoring unsupported arg: port {"metadata":{"emulator":{"name":"dataconnect"},"message":"Ignoring unsupported arg: port"}}
[debug] [2026-02-25T09:46:26.499Z] Starting Data Connect Emulator with command {"binary":"C:\\Users\\hp\\.cache\\firebase\\emulators\\dataconnect-emulator-3.1.4.exe","args":["--logtostderr","-v=2","dev","--listen=localhost:50001","--config_dir=c:\\Users\\hp\\dev\\sajilosathi\\dataconnect","--enable_output_schema_extensions=true","--enable_output_generated_sdk=true"],"optionalArgs":["listen","config_dir","enable_output_schema_extensions","enable_output_generated_sdk"],"joinArgs":true,"shell":false,"port":9399} {"metadata":{"emulator":{"name":"dataconnect"},"message":"Starting Data Connect Emulator with command {\"binary\":\"C:\\\\Users\\\\hp\\\\.cache\\\\firebase\\\\emulators\\\\dataconnect-emulator-3.1.4.exe\",\"args\":[\"--logtostderr\",\"-v=2\",\"dev\",\"--listen=localhost:50001\",\"--config_dir=c:\\\\Users\\\\hp\\\\dev\\\\sajilosathi\\\\dataconnect\",\"--enable_output_schema_extensions=true\",\"--enable_output_generated_sdk=true\"],\"optionalArgs\":[\"listen\",\"config_dir\",\"enable_output_schema_extensions\",\"enable_output_generated_sdk\"],\"joinArgs\":true,\"shell\":false,\"port\":9399}"}}
[info] i  dataconnect: Data Connect Emulator logging to dataconnect-debug.log {"metadata":{"emulator":{"name":"dataconnect"},"message":"Data Connect Emulator logging to \u001b[1mdataconnect-debug.log\u001b[22m"}}
[debug] [2026-02-25T09:46:31.338Z] I0225 15:31:27.540017    2252 load.go:31] Reloading schema and connectors...
I0225 15:31:29.501475    2252 control.go:100] [/emulator/sajilosathi 0aaa] UpdateResources(): done
Main schema: sources: schema\schema.gql [1992B] 
Connector "example": sources: example\mutations.gql [1243B] example\queries.gql [1801B] 
I0225 15:31:30.179608    2252 codegen.go:80] [connector "example" javascriptSdk] Generating sources into "c:\\Users\\hp\\dev\\sajilosathi\\src\\dataconnect-generated"
I0225 15:31:30.235270    2252 codegen.go:80] [connector "example" adminSdk] Generating sources into "c:\\Users\\hp\\dev\\sajilosathi\\src\\dataconnect-admin-generated"
I0225 15:31:30.425694    2252 collector.go:107] schema extensions wrote into "c:\\Users\\hp\\dev\\sajilosathi\\dataconnect\\.dataconnect\\schema"
Generated sources: prelude.gql [80731B] main\implicit.gql [1261B] main\input.gql [28173B] main\relation.gql [14318B] main\query.gql [5099B] main\mutation.gql [13679B] 
I0225 15:31:30.989267    2252 collector.go:107] connector "example" javascriptSdk wrote into "c:\\Users\\hp\\dev\\sajilosathi\\src\\dataconnect-generated"
Generated sources: react\index.d.ts [3961B] react\package.json [460B] react\README.md [48299B] .guides/config.json [236B] index.cjs.js [4051B] package.json [863B] README.md [40931B] react\esm\index.esm.js [3269B] .guides/setup.md [1682B] esm\index.esm.js [3561B] esm\package.json [17B] react\esm\package.json [17B] react\index.cjs.js [3439B] .guides/usage.md [3489B] index.d.ts [8025B] 
I0225 15:31:31.322521    2252 installsdk.go:55] Package @dataconnect/generated is already installed. Skipping installation
 {"metadata":{"emulator":{"name":"dataconnect"},"message":"I0225 15:31:27.540017    2252 load.go:31] Reloading schema and connectors...\nI0225 15:31:29.501475    2252 control.go:100] [/emulator/sajilosathi 0aaa] UpdateResources(): done\nMain schema: sources: schema\\schema.gql [1992B] \nConnector \"example\": sources: example\\mutations.gql [1243B] example\\queries.gql [1801B] \nI0225 15:31:30.179608    2252 codegen.go:80] [connector \"example\" javascriptSdk] Generating sources into \"c:\\\\Users\\\\hp\\\\dev\\\\sajilosathi\\\\src\\\\dataconnect-generated\"\nI0225 15:31:30.235270    2252 codegen.go:80] [connector \"example\" adminSdk] Generating sources into \"c:\\\\Users\\\\hp\\\\dev\\\\sajilosathi\\\\src\\\\dataconnect-admin-generated\"\nI0225 15:31:30.425694    2252 collector.go:107] schema extensions wrote into \"c:\\\\Users\\\\hp\\\\dev\\\\sajilosathi\\\\dataconnect\\\\.dataconnect\\\\schema\"\nGenerated sources: prelude.gql [80731B] main\\implicit.gql [1261B] main\\input.gql [28173B] main\\relation.gql [14318B] main\\query.gql [5099B] main\\mutation.gql [13679B] \nI0225 15:31:30.989267    2252 collector.go:107] connector \"example\" javascriptSdk wrote into \"c:\\\\Users\\\\hp\\\\dev\\\\sajilosathi\\\\src\\\\dataconnect-generated\"\nGenerated sources: react\\index.d.ts [3961B] react\\package.json [460B] react\\README.md [48299B] .guides/config.json [236B] index.cjs.js [4051B] package.json [863B] README.md [40931B] react\\esm\\index.esm.js [3269B] .guides/setup.md [1682B] esm\\index.esm.js [3561B] esm\\package.json [17B] react\\esm\\package.json [17B] react\\index.cjs.js [3439B] .guides/usage.md [3489B] index.d.ts [8025B] \nI0225 15:31:31.322521    2252 installsdk.go:55] Package @dataconnect/generated is already installed. Skipping installation\n"}}
[debug] [2026-02-25T09:46:31.551Z] I0225 15:31:31.543928    2252 collector.go:107] connector "example" adminSdk wrote into "c:\\Users\\hp\\dev\\sajilosathi\\src\\dataconnect-admin-generated"
Generated sources: esm\index.esm.js [2981B] esm\package.json [17B] index.cjs.js [3274B] package.json [632B] index.d.ts [7666B] 
I0225 15:31:31.546931    2252 installsdk.go:55] Package @dataconnect/admin-generated is already installed. Skipping installation
I0225 15:31:31.546931    2252 load.go:109] Finished reloading
 {"metadata":{"emulator":{"name":"dataconnect"},"message":"I0225 15:31:31.543928    2252 collector.go:107] connector \"example\" adminSdk wrote into \"c:\\\\Users\\\\hp\\\\dev\\\\sajilosathi\\\\src\\\\dataconnect-admin-generated\"\nGenerated sources: esm\\index.esm.js [2981B] esm\\package.json [17B] index.cjs.js [3274B] package.json [632B] index.d.ts [7666B] \nI0225 15:31:31.546931    2252 installsdk.go:55] Package @dataconnect/admin-generated is already installed. Skipping installation\nI0225 15:31:31.546931    2252 load.go:109] Finished reloading\n"}}
[debug] [2026-02-25T09:46:31.694Z] <<< [apiv2][status] GET https://firebase.googleapis.com/v1beta1/projects 200
[debug] [2026-02-25T09:46:31.695Z] <<< [apiv2][body] GET https://firebase.googleapis.com/v1beta1/projects [omitted]
[debug] [2026-02-25T09:46:32.929Z] I0225 15:31:32.568036    2252 dev.go:104] Listening on address (HTTP + gRPC): 127.0.0.1:50001
 {"metadata":{"emulator":{"name":"dataconnect"},"message":"I0225 15:31:32.568036    2252 dev.go:104] Listening on address (HTTP + gRPC): 127.0.0.1:50001\n"}}
[debug] [2026-02-25T09:46:47.792Z] I0225 15:31:47.479809    2252 engine.go:208] [/emulator/sajilosathi 0aaa] ExecuteGraphqlRead IntrospectionQuery: succeeded. 
 {"metadata":{"emulator":{"name":"dataconnect"},"message":"I0225 15:31:47.479809    2252 engine.go:208] [/emulator/sajilosathi 0aaa] ExecuteGraphqlRead IntrospectionQuery: succeeded. \n"}}
